<?xml version="1.0" encoding="UTF-8"?>
<!-- Generated by org.testng.reporters.JUnitReportReporter -->
<testsuite hostname="WCM-LT-0018" failures="0" tests="1" name="antoine.Mavenjava.Test2" time="0.008" errors="0" timestamp="02 juin 2022 15:15:07 GMT" skipped="0">
  <testcase classname="antoine.Mavenjava.Test2" name="test" time="0.008"/>
</testsuite> <!-- antoine.Mavenjava.Test2 -->
